[E:7c885b8c-cf58-4069-9e33-a1ad3d1a5e07][T:2023-07-24 23:01:04.694248][U:admin@nvidia.com][A:train.deploy]
[E:74711af4-a84f-4db8-a735-de1e1c96c909][T:2023-07-24 23:01:04.725219][U:][A:train.start_job]
[E:28f27bc7-7d55-475f-8532-f9cb4cb470e5][R:053f14e4-684f-4d1c-954e-141c0b56bdbe][T:2023-07-24 23:01:11.111626][J:9554360e-7eee-4359-8dc6-2a9c8c57d043][A:train#40ecb24f-5088-4d61-81e8-d8430602dca6]received task from server
[E:c911494b-46b1-4170-a137-4fd3ce9256fa][T:2023-07-24 23:01:11.112495][J:9554360e-7eee-4359-8dc6-2a9c8c57d043][A:train#40ecb24f-5088-4d61-81e8-d8430602dca6]invoked executor LearnerExecutor
[E:53a1226f-3796-45eb-abad-aa67a1e95b1d][T:2023-07-24 23:04:55.613450][U:][A:train.abort]
[E:3e7fa7d3-5bdf-405b-b687-eca9c5863b7e][R:eced231c-e562-48ed-8e07-e0802a81ad6d][T:2023-07-24 23:09:32.735512][U:admin@nvidia.com][A:train.check_status]
[E:11c7332c-5a6b-45b3-9bec-14c8bc57d558][R:382d97f1-4964-466a-8bb5-f6ea2ef52fe6][T:2023-08-12 17:05:39.584055][U:admin@nvidia.com][A:train.check_status]
[E:e793ed03-5c8b-4de2-9c03-9ba458de42a3][T:2023-08-12 17:05:56.924003][U:admin@nvidia.com][A:train.deploy]
[E:97e07e18-aa72-4d0b-93db-04590a8ee9b1][T:2023-08-12 17:05:56.952711][U:][A:train.start_job]
[E:8576131e-11c3-454e-8f21-a40166367999][R:cefd5737-3d9b-411c-8008-0c518d4c4590][T:2023-08-12 17:06:12.511443][J:5bcee9f9-b31c-4aac-b7b3-e442767f39f2][A:train#c3e66225-8d2f-4f40-a947-b0e1e4c5d391]received task from server
[E:50df79c3-00d1-43d6-8a1d-a775d8418208][T:2023-08-12 17:06:12.512130][J:5bcee9f9-b31c-4aac-b7b3-e442767f39f2][A:train#c3e66225-8d2f-4f40-a947-b0e1e4c5d391]invoked executor LearnerExecutor
[E:ebf99b3b-50a9-4f31-bf40-676c20cce7ce][R:cefd5737-3d9b-411c-8008-0c518d4c4590][T:2023-08-12 17:06:18.777063][J:5bcee9f9-b31c-4aac-b7b3-e442767f39f2][A:train#c3e66225-8d2f-4f40-a947-b0e1e4c5d391]submit result: EXECUTION_RESULT_ERROR
[E:cfccef06-ac67-4cbe-aec4-a8bb681ad224][T:2023-08-12 17:06:24.875227][U:][A:train.abort]
[E:7988afc0-a20b-4503-844d-e450537584c7][R:5fcbdded-2551-43dc-aa06-cfdca69a8bf1][T:2023-08-12 17:07:17.562879][U:admin@nvidia.com][A:train.check_status]
[E:c36f7dc8-4721-48ff-8604-16ede733bb59][R:50088b16-057c-40bb-9123-cf1c76e0bc2a][T:2023-08-12 17:07:58.587594][U:admin@nvidia.com][A:train.check_status]
[E:7bf517a1-06fb-4df0-bec7-11f3a7d9f2e0][R:d8ed4cc0-93cc-473f-9fac-56201c36f085][T:2023-08-12 17:08:02.092294][U:admin@nvidia.com][A:train.check_status]
[E:91e8d6d7-6e78-4854-86eb-fd812d8b68dd][R:c9560bab-9812-4a50-8d87-bd990ed6c6b6][T:2023-08-12 17:08:03.720554][U:admin@nvidia.com][A:train.check_status]
[E:179dc96d-ae24-4ada-908f-53e16c5a8ce3][R:dec814c5-f19f-4210-b9d7-a637d1d0a4a4][T:2023-08-12 17:08:46.845022][U:admin@nvidia.com][A:train.check_status]
[E:3b8e587f-a5f8-49bc-9ead-e98329f14da8][T:2023-08-12 17:09:36.563338][U:admin@nvidia.com][A:train.deploy]
[E:a85b4e7d-3b0d-4868-a708-899bf82bc05c][T:2023-08-12 17:09:36.590481][U:][A:train.start_job]
[E:81e92c66-227b-449f-96cd-1180cb6c4820][R:d631d8e5-9bec-43ff-85a2-ca4fe5ee25bd][T:2023-08-12 17:09:42.148796][J:054c9489-bf6c-447b-a6ed-e593dad509a1][A:train#00bbd816-7e54-4576-86be-8b66f79b0523]received task from server
[E:8afc1e24-a322-48db-9120-935734316aae][T:2023-08-12 17:09:42.149201][J:054c9489-bf6c-447b-a6ed-e593dad509a1][A:train#00bbd816-7e54-4576-86be-8b66f79b0523]invoked executor LearnerExecutor
[E:6bbc15b1-d6c9-4b87-b878-f86e151832cb][R:d631d8e5-9bec-43ff-85a2-ca4fe5ee25bd][T:2023-08-12 17:09:46.431785][J:054c9489-bf6c-447b-a6ed-e593dad509a1][A:train#00bbd816-7e54-4576-86be-8b66f79b0523]submit result: EXECUTION_RESULT_ERROR
[E:dfd279c0-913b-4c3a-9d85-f2d3277cfba1][T:2023-08-12 17:09:52.111695][U:][A:train.abort]
[E:da44e12c-2bc4-4a77-917d-976ed8c11ecc][R:64865421-748f-4485-8722-e7aa02e0a4f7][T:2023-08-12 17:26:58.567968][U:admin@nvidia.com][A:train.check_status]
[E:c5d325b3-1364-4369-bb82-dfd939bc08e9][T:2023-08-12 17:27:28.742367][U:admin@nvidia.com][A:train.deploy]
[E:436fac2c-8dbf-4c03-9750-64fb67cd9914][T:2023-08-12 17:27:28.773253][U:][A:train.start_job]
[E:9b9e11dd-ed9a-4d86-b7c3-695364854c08][R:0a703405-22ad-4ebc-b016-3712ea42c46e][T:2023-08-12 17:27:34.050002][J:cc1f2d33-fb7b-4974-916c-6d912cbf080c][A:train#061adc84-b17f-4d44-87aa-b014f08c2313]received task from server
[E:04ef87b7-6859-4c9c-bf45-6ea3919cf883][T:2023-08-12 17:27:34.050614][J:cc1f2d33-fb7b-4974-916c-6d912cbf080c][A:train#061adc84-b17f-4d44-87aa-b014f08c2313]invoked executor LearnerExecutor
[E:72cbd0ae-8a7d-44d8-982a-2e79a778276c][T:2023-08-12 17:27:56.559435][J:cc1f2d33-fb7b-4974-916c-6d912cbf080c][A:train#061adc84-b17f-4d44-87aa-b014f08c2313]applied filter: HEModelEncryptor@job on task_result
[E:e9020a5e-1074-42bd-adf3-9af4fdcb74ee][R:0a703405-22ad-4ebc-b016-3712ea42c46e][T:2023-08-12 17:27:56.559652][J:cc1f2d33-fb7b-4974-916c-6d912cbf080c][A:train#061adc84-b17f-4d44-87aa-b014f08c2313]submit result OK
[E:da458b86-89f1-4b6b-b739-db588effb5c6][R:0aea74f3-a369-40b5-b340-bfa35207697f][T:2023-08-12 17:28:06.455020][J:cc1f2d33-fb7b-4974-916c-6d912cbf080c][A:train#5612d132-1796-4df2-bdd1-957c3405a9cd]received task from server
[E:f31f32d9-99ce-46aa-8e61-aabc2f4e0a4d][T:2023-08-12 17:28:06.915668][J:cc1f2d33-fb7b-4974-916c-6d912cbf080c][A:train#5612d132-1796-4df2-bdd1-957c3405a9cd]applied filter: HEModelDecryptor@job on task_data
[E:a05e343d-5d32-4677-8704-4001a85b7418][T:2023-08-12 17:28:06.915922][J:cc1f2d33-fb7b-4974-916c-6d912cbf080c][A:train#5612d132-1796-4df2-bdd1-957c3405a9cd]invoked executor LearnerExecutor
[E:2189c9ab-6862-48c5-a99b-0a9d753e67bd][T:2023-08-12 17:28:26.218168][J:cc1f2d33-fb7b-4974-916c-6d912cbf080c][A:train#5612d132-1796-4df2-bdd1-957c3405a9cd]applied filter: HEModelEncryptor@job on task_result
[E:38f54833-184a-4bdf-979e-68b7aadce609][R:0aea74f3-a369-40b5-b340-bfa35207697f][T:2023-08-12 17:28:26.218350][J:cc1f2d33-fb7b-4974-916c-6d912cbf080c][A:train#5612d132-1796-4df2-bdd1-957c3405a9cd]submit result OK
[E:6786b7a2-7aa4-4f77-a263-41d34de296f4][R:287152be-6a52-4b05-8028-728f1c846631][T:2023-08-12 17:28:37.698442][J:cc1f2d33-fb7b-4974-916c-6d912cbf080c][A:train#2a117f1b-5876-43e6-bf4a-2a592cec6e22]received task from server
[E:c6995610-9167-4fa9-ab20-04fad92901b9][T:2023-08-12 17:28:38.112740][J:cc1f2d33-fb7b-4974-916c-6d912cbf080c][A:train#2a117f1b-5876-43e6-bf4a-2a592cec6e22]applied filter: HEModelDecryptor@job on task_data
[E:4dbaeae0-7e7d-4df7-9225-d5fccac62ba6][T:2023-08-12 17:28:38.112997][J:cc1f2d33-fb7b-4974-916c-6d912cbf080c][A:train#2a117f1b-5876-43e6-bf4a-2a592cec6e22]invoked executor LearnerExecutor
[E:380e96e0-e363-4ac9-a65e-ffe71e48eacd][T:2023-08-12 17:28:57.497953][J:cc1f2d33-fb7b-4974-916c-6d912cbf080c][A:train#2a117f1b-5876-43e6-bf4a-2a592cec6e22]applied filter: HEModelEncryptor@job on task_result
[E:d681421c-bb19-4f9c-ab75-4cc6cd176d5a][R:287152be-6a52-4b05-8028-728f1c846631][T:2023-08-12 17:28:57.498225][J:cc1f2d33-fb7b-4974-916c-6d912cbf080c][A:train#2a117f1b-5876-43e6-bf4a-2a592cec6e22]submit result OK
[E:a0d55073-381d-4b58-aa0d-b21584fbb6e0][R:b7494d32-54bf-47de-b965-4862a5f3626f][T:2023-08-12 17:29:09.162416][J:cc1f2d33-fb7b-4974-916c-6d912cbf080c][A:train#a967cc33-77e0-42b2-9031-a82d9d985e45]received task from server
[E:94fe6b23-6ad9-4a0e-b377-0eda8fcde3d1][T:2023-08-12 17:29:09.634196][J:cc1f2d33-fb7b-4974-916c-6d912cbf080c][A:train#a967cc33-77e0-42b2-9031-a82d9d985e45]applied filter: HEModelDecryptor@job on task_data
[E:286a3980-1042-46f9-92a7-ec52787f9df7][T:2023-08-12 17:29:09.634528][J:cc1f2d33-fb7b-4974-916c-6d912cbf080c][A:train#a967cc33-77e0-42b2-9031-a82d9d985e45]invoked executor LearnerExecutor
[E:75177e0b-649f-4040-aa9c-a4faaf8ce110][T:2023-08-12 17:29:29.443484][J:cc1f2d33-fb7b-4974-916c-6d912cbf080c][A:train#a967cc33-77e0-42b2-9031-a82d9d985e45]applied filter: HEModelEncryptor@job on task_result
[E:efe8c3f4-1880-4fd6-acb5-84678a4fe646][R:b7494d32-54bf-47de-b965-4862a5f3626f][T:2023-08-12 17:29:29.443674][J:cc1f2d33-fb7b-4974-916c-6d912cbf080c][A:train#a967cc33-77e0-42b2-9031-a82d9d985e45]submit result OK
[E:48379d19-c291-4918-9657-cd4cdd94da53][R:254e4021-5090-4a26-b413-4bbec5436624][T:2023-08-12 17:29:41.561533][J:cc1f2d33-fb7b-4974-916c-6d912cbf080c][A:train#b5abb5b5-d26a-4721-a663-9e0d00c8456a]received task from server
[E:e0d5fee7-79f8-49e9-94e9-0bfbc1d5db56][T:2023-08-12 17:29:41.982735][J:cc1f2d33-fb7b-4974-916c-6d912cbf080c][A:train#b5abb5b5-d26a-4721-a663-9e0d00c8456a]applied filter: HEModelDecryptor@job on task_data
[E:4e948e08-ce9a-47dc-96ad-78ec55330c97][T:2023-08-12 17:29:41.982996][J:cc1f2d33-fb7b-4974-916c-6d912cbf080c][A:train#b5abb5b5-d26a-4721-a663-9e0d00c8456a]invoked executor LearnerExecutor
[E:92e18039-49f9-42fe-b00b-0ad349f1ba95][T:2023-08-12 17:30:01.466701][J:cc1f2d33-fb7b-4974-916c-6d912cbf080c][A:train#b5abb5b5-d26a-4721-a663-9e0d00c8456a]applied filter: HEModelEncryptor@job on task_result
[E:bc3d48a8-f197-40ac-b0db-f8cc2e4efe76][R:254e4021-5090-4a26-b413-4bbec5436624][T:2023-08-12 17:30:01.466878][J:cc1f2d33-fb7b-4974-916c-6d912cbf080c][A:train#b5abb5b5-d26a-4721-a663-9e0d00c8456a]submit result OK
[E:a6ea3411-2226-4d71-81e4-3f801eac0002][R:becd8066-a364-4a00-b876-7fb964c92bbe][T:2023-08-12 17:30:15.471455][J:cc1f2d33-fb7b-4974-916c-6d912cbf080c][A:train#34a8ffb2-b831-410d-a788-51da4f0c74f2]received task from server
[E:a255d0f8-19ac-48d4-86b2-2ed991e7f5a3][T:2023-08-12 17:30:15.928444][J:cc1f2d33-fb7b-4974-916c-6d912cbf080c][A:train#34a8ffb2-b831-410d-a788-51da4f0c74f2]applied filter: HEModelDecryptor@job on task_data
[E:b477feda-edee-401e-a01e-1ddda6600d81][T:2023-08-12 17:30:15.928695][J:cc1f2d33-fb7b-4974-916c-6d912cbf080c][A:train#34a8ffb2-b831-410d-a788-51da4f0c74f2]invoked executor LearnerExecutor
[E:465675ab-feda-4d3e-b385-72c844da251c][T:2023-08-12 17:30:36.006425][J:cc1f2d33-fb7b-4974-916c-6d912cbf080c][A:train#34a8ffb2-b831-410d-a788-51da4f0c74f2]applied filter: HEModelEncryptor@job on task_result
[E:94ec3b91-439a-42a4-84e4-dcae13ee1d19][R:becd8066-a364-4a00-b876-7fb964c92bbe][T:2023-08-12 17:30:36.006609][J:cc1f2d33-fb7b-4974-916c-6d912cbf080c][A:train#34a8ffb2-b831-410d-a788-51da4f0c74f2]submit result OK
[E:a364463f-4550-47aa-9d32-14b656b5d67a][R:cc4cf520-9087-4758-b010-cd1e96d38095][T:2023-08-12 17:30:48.435338][J:cc1f2d33-fb7b-4974-916c-6d912cbf080c][A:train#3c3b0bb2-c2d5-4a93-9dfd-fcb3a96f671c]received task from server
[E:9ba7d837-bf2f-4983-b44c-1b1cf1e93d8b][T:2023-08-12 17:30:48.844825][J:cc1f2d33-fb7b-4974-916c-6d912cbf080c][A:train#3c3b0bb2-c2d5-4a93-9dfd-fcb3a96f671c]applied filter: HEModelDecryptor@job on task_data
[E:5a9a315c-1cca-418a-aae5-4f50ac302a26][T:2023-08-12 17:30:48.845065][J:cc1f2d33-fb7b-4974-916c-6d912cbf080c][A:train#3c3b0bb2-c2d5-4a93-9dfd-fcb3a96f671c]invoked executor LearnerExecutor
[E:2973a2be-43a4-4234-b9d7-3ad64bf6284f][T:2023-08-12 17:31:08.435079][J:cc1f2d33-fb7b-4974-916c-6d912cbf080c][A:train#3c3b0bb2-c2d5-4a93-9dfd-fcb3a96f671c]applied filter: HEModelEncryptor@job on task_result
[E:dd7358e7-cbc2-4bea-919d-78c6f37d1c4a][R:cc4cf520-9087-4758-b010-cd1e96d38095][T:2023-08-12 17:31:08.435283][J:cc1f2d33-fb7b-4974-916c-6d912cbf080c][A:train#3c3b0bb2-c2d5-4a93-9dfd-fcb3a96f671c]submit result OK
[E:dbbce36c-0125-4a8d-915c-64464db7df16][R:1ef25646-dfd7-4332-ba9c-a0522441fb30][T:2023-08-12 17:31:20.826832][J:cc1f2d33-fb7b-4974-916c-6d912cbf080c][A:train#cbb9ac1a-3be2-4bc7-9d56-73cc5549bcab]received task from server
[E:9df0b3ae-93d3-42cc-af68-b9edbf313ec8][T:2023-08-12 17:31:21.226547][J:cc1f2d33-fb7b-4974-916c-6d912cbf080c][A:train#cbb9ac1a-3be2-4bc7-9d56-73cc5549bcab]applied filter: HEModelDecryptor@job on task_data
[E:3e750441-088c-4ceb-b4a9-6702e5d806b7][T:2023-08-12 17:31:21.226766][J:cc1f2d33-fb7b-4974-916c-6d912cbf080c][A:train#cbb9ac1a-3be2-4bc7-9d56-73cc5549bcab]invoked executor LearnerExecutor
[E:686ed477-1903-4b48-a546-3da9acb233e9][T:2023-08-12 17:31:40.977157][J:cc1f2d33-fb7b-4974-916c-6d912cbf080c][A:train#cbb9ac1a-3be2-4bc7-9d56-73cc5549bcab]applied filter: HEModelEncryptor@job on task_result
[E:d61503ba-7467-41d9-9969-cdfa0e0024ac][R:1ef25646-dfd7-4332-ba9c-a0522441fb30][T:2023-08-12 17:31:40.977366][J:cc1f2d33-fb7b-4974-916c-6d912cbf080c][A:train#cbb9ac1a-3be2-4bc7-9d56-73cc5549bcab]submit result OK
[E:8f49932a-84d8-4c6a-af96-6f01eae39c2a][R:76c85550-7bb5-4d78-83ab-3d9d82b8f282][T:2023-08-12 17:31:50.729298][J:cc1f2d33-fb7b-4974-916c-6d912cbf080c][A:train#b0c84610-2a2a-451c-8c68-db2b313a0127]received task from server
[E:2549b6bf-2064-41a1-8753-f249bf4df732][T:2023-08-12 17:31:51.168122][J:cc1f2d33-fb7b-4974-916c-6d912cbf080c][A:train#b0c84610-2a2a-451c-8c68-db2b313a0127]applied filter: HEModelDecryptor@job on task_data
[E:c9b1ad8a-340b-46e9-8979-7cb6c14f09cf][T:2023-08-12 17:31:51.168413][J:cc1f2d33-fb7b-4974-916c-6d912cbf080c][A:train#b0c84610-2a2a-451c-8c68-db2b313a0127]invoked executor LearnerExecutor
[E:5e4eaa63-9f4f-4138-82c9-1c18662be7f6][T:2023-08-12 17:32:10.475790][J:cc1f2d33-fb7b-4974-916c-6d912cbf080c][A:train#b0c84610-2a2a-451c-8c68-db2b313a0127]applied filter: HEModelEncryptor@job on task_result
[E:c5ab8c63-5c1f-4e33-a0d8-38eaad43aefd][R:76c85550-7bb5-4d78-83ab-3d9d82b8f282][T:2023-08-12 17:32:10.476019][J:cc1f2d33-fb7b-4974-916c-6d912cbf080c][A:train#b0c84610-2a2a-451c-8c68-db2b313a0127]submit result OK
[E:ed2b7bbd-0535-40d6-a827-2b081a70cdf6][R:0dadaed0-d951-4170-8287-7c7c262ca2fd][T:2023-08-12 17:32:26.039374][J:cc1f2d33-fb7b-4974-916c-6d912cbf080c][A:train#b5ec9077-e8ee-44f1-bebc-0782554bf2a6]received task from server
[E:77b05718-f949-4d57-8e14-24cf88e41f1c][T:2023-08-12 17:32:26.466997][J:cc1f2d33-fb7b-4974-916c-6d912cbf080c][A:train#b5ec9077-e8ee-44f1-bebc-0782554bf2a6]applied filter: HEModelDecryptor@job on task_data
[E:e6d77c12-f06d-4889-9797-ad63cf34685b][T:2023-08-12 17:32:26.467228][J:cc1f2d33-fb7b-4974-916c-6d912cbf080c][A:train#b5ec9077-e8ee-44f1-bebc-0782554bf2a6]invoked executor LearnerExecutor
[E:2db5b1c4-5f8e-45b3-bc68-6243f4174a84][T:2023-08-12 17:32:46.031104][J:cc1f2d33-fb7b-4974-916c-6d912cbf080c][A:train#b5ec9077-e8ee-44f1-bebc-0782554bf2a6]applied filter: HEModelEncryptor@job on task_result
[E:94cc7bf7-0b70-434a-b2a5-8b4bbd102ecc][R:0dadaed0-d951-4170-8287-7c7c262ca2fd][T:2023-08-12 17:32:46.031376][J:cc1f2d33-fb7b-4974-916c-6d912cbf080c][A:train#b5ec9077-e8ee-44f1-bebc-0782554bf2a6]submit result OK
[E:ff053af1-859c-425b-978b-7c50e957d278][R:2e921e60-0db9-4df1-abfa-40667a12730f][T:2023-08-12 17:32:59.242362][J:cc1f2d33-fb7b-4974-916c-6d912cbf080c][A:submit_model#bf07dda2-0b5b-4643-953d-2ce9bb2276b1]received task from server
[E:fdb42718-d321-4bb4-aa25-d76eae1b9e6f][T:2023-08-12 17:32:59.242649][J:cc1f2d33-fb7b-4974-916c-6d912cbf080c][A:submit_model#bf07dda2-0b5b-4643-953d-2ce9bb2276b1]invoked executor LearnerExecutor
[E:1fecfdc6-b36a-456e-b7d8-51d89a636c4e][T:2023-08-12 17:33:00.655379][J:cc1f2d33-fb7b-4974-916c-6d912cbf080c][A:submit_model#bf07dda2-0b5b-4643-953d-2ce9bb2276b1]applied filter: HEModelEncryptor@job on task_result
[E:4b6d8cb8-987a-4c83-963d-6f52e7987d12][R:2e921e60-0db9-4df1-abfa-40667a12730f][T:2023-08-12 17:33:00.655569][J:cc1f2d33-fb7b-4974-916c-6d912cbf080c][A:submit_model#bf07dda2-0b5b-4643-953d-2ce9bb2276b1]submit result OK
[E:94887b26-8f2b-495b-ad3b-29132dbb5a92][R:3b4ba483-dc58-4dba-a3aa-2c24bbed6e32][T:2023-08-12 17:33:12.334687][J:cc1f2d33-fb7b-4974-916c-6d912cbf080c][A:validate#7d5a486b-b4f6-4716-bb01-bd718d863815]received task from server
[E:28d03d48-0b1e-4221-b98a-28238ba63d77][T:2023-08-12 17:33:12.733325][J:cc1f2d33-fb7b-4974-916c-6d912cbf080c][A:validate#7d5a486b-b4f6-4716-bb01-bd718d863815]applied filter: HEModelDecryptor@job on task_data
[E:24d333d1-b070-490b-a724-93532c379001][T:2023-08-12 17:33:12.733880][J:cc1f2d33-fb7b-4974-916c-6d912cbf080c][A:validate#7d5a486b-b4f6-4716-bb01-bd718d863815]invoked executor LearnerExecutor
[E:14cddc33-0deb-4d38-987f-9af033c01cb7][R:3b4ba483-dc58-4dba-a3aa-2c24bbed6e32][T:2023-08-12 17:33:17.630403][J:cc1f2d33-fb7b-4974-916c-6d912cbf080c][A:validate#7d5a486b-b4f6-4716-bb01-bd718d863815]submit result OK
[E:99952fac-a91d-4a8c-b924-09d330acd90e][R:be372599-bdd3-4013-a3ed-56577366340d][T:2023-08-12 17:33:21.394263][J:cc1f2d33-fb7b-4974-916c-6d912cbf080c][A:validate#86855502-9e15-4afe-9e7b-895e8e45e295]received task from server
[E:552119bc-2f8f-4bb1-aa61-86d12a9e8d29][T:2023-08-12 17:33:21.792765][J:cc1f2d33-fb7b-4974-916c-6d912cbf080c][A:validate#86855502-9e15-4afe-9e7b-895e8e45e295]applied filter: HEModelDecryptor@job on task_data
[E:ee154556-c0cc-4e89-86ac-d3c693f79ea4][T:2023-08-12 17:33:21.793080][J:cc1f2d33-fb7b-4974-916c-6d912cbf080c][A:validate#86855502-9e15-4afe-9e7b-895e8e45e295]invoked executor LearnerExecutor
[E:b5ffcd15-45a4-4dc9-8a16-5c4b5933c5b6][R:be372599-bdd3-4013-a3ed-56577366340d][T:2023-08-12 17:33:26.704585][J:cc1f2d33-fb7b-4974-916c-6d912cbf080c][A:validate#86855502-9e15-4afe-9e7b-895e8e45e295]submit result OK
[E:47ec48ec-3315-479e-b1cb-41a88911c02c][R:56d911e4-6da5-4f56-b24d-d71c4e860bbf][T:2023-08-12 17:33:31.671574][J:cc1f2d33-fb7b-4974-916c-6d912cbf080c][A:validate#d026e7e5-9c64-4c7d-9cea-c5130cbe1ff7]received task from server
[E:6c4625e0-84fc-4ba1-8800-14df39a81b2b][T:2023-08-12 17:33:32.658829][J:cc1f2d33-fb7b-4974-916c-6d912cbf080c][A:validate#d026e7e5-9c64-4c7d-9cea-c5130cbe1ff7]applied filter: HEModelDecryptor@job on task_data
[E:34fe1beb-3530-48ec-9fb9-89466c95cbab][T:2023-08-12 17:33:32.659056][J:cc1f2d33-fb7b-4974-916c-6d912cbf080c][A:validate#d026e7e5-9c64-4c7d-9cea-c5130cbe1ff7]invoked executor LearnerExecutor
[E:1d94e712-d950-4118-a520-63aac041023f][R:56d911e4-6da5-4f56-b24d-d71c4e860bbf][T:2023-08-12 17:33:37.551598][J:cc1f2d33-fb7b-4974-916c-6d912cbf080c][A:validate#d026e7e5-9c64-4c7d-9cea-c5130cbe1ff7]submit result OK
[E:3689b5a7-8537-4a03-b55d-e917a3188405][R:d960f957-0a77-4898-b31c-e6675d66b84b][T:2023-08-12 17:33:42.013625][J:cc1f2d33-fb7b-4974-916c-6d912cbf080c][A:validate#57476d1c-1f81-4053-9e16-8615a1ca4d73]received task from server
[E:5a1080d4-4595-44a6-8f74-8a0cdf807645][T:2023-08-12 17:33:42.953403][J:cc1f2d33-fb7b-4974-916c-6d912cbf080c][A:validate#57476d1c-1f81-4053-9e16-8615a1ca4d73]applied filter: HEModelDecryptor@job on task_data
[E:85259188-4211-4c0c-93b6-a28287be3fca][T:2023-08-12 17:33:42.953704][J:cc1f2d33-fb7b-4974-916c-6d912cbf080c][A:validate#57476d1c-1f81-4053-9e16-8615a1ca4d73]invoked executor LearnerExecutor
[E:a576b76a-c3cc-435a-9e24-d92b228d0ce4][R:d960f957-0a77-4898-b31c-e6675d66b84b][T:2023-08-12 17:33:47.937709][J:cc1f2d33-fb7b-4974-916c-6d912cbf080c][A:validate#57476d1c-1f81-4053-9e16-8615a1ca4d73]submit result OK
[E:b4436a86-d55b-4734-843a-8cd0f9b9b3b9][R:a8e33aca-d8ad-4743-9c74-bfcb2f21acca][T:2023-08-12 17:33:52.509441][J:cc1f2d33-fb7b-4974-916c-6d912cbf080c][A:validate#67c01171-766d-49bb-a7d3-19819d0e9d24]received task from server
[E:f0974ce3-48c3-4a39-a0fb-aabacd624c0f][T:2023-08-12 17:33:53.489132][J:cc1f2d33-fb7b-4974-916c-6d912cbf080c][A:validate#67c01171-766d-49bb-a7d3-19819d0e9d24]applied filter: HEModelDecryptor@job on task_data
[E:845f5f4d-b05f-400e-b5ff-a45a19b4ae93][T:2023-08-12 17:33:53.489407][J:cc1f2d33-fb7b-4974-916c-6d912cbf080c][A:validate#67c01171-766d-49bb-a7d3-19819d0e9d24]invoked executor LearnerExecutor
[E:78146a98-e4dc-4630-a7b2-46e50061fc45][R:a8e33aca-d8ad-4743-9c74-bfcb2f21acca][T:2023-08-12 17:33:58.563705][J:cc1f2d33-fb7b-4974-916c-6d912cbf080c][A:validate#67c01171-766d-49bb-a7d3-19819d0e9d24]submit result OK
[E:c77cb008-1275-41bb-bf3c-7163e38bd167][R:3b431009-fda4-44dc-a93c-7c19db1a4d26][T:2023-08-12 17:34:03.227736][J:cc1f2d33-fb7b-4974-916c-6d912cbf080c][A:validate#6c7ee4de-acfa-4589-8a75-4b9bf8fb3649]received task from server
[E:6405a46a-ab68-4a28-a75b-d0e5f6390a27][T:2023-08-12 17:34:04.226533][J:cc1f2d33-fb7b-4974-916c-6d912cbf080c][A:validate#6c7ee4de-acfa-4589-8a75-4b9bf8fb3649]applied filter: HEModelDecryptor@job on task_data
[E:bf1ef542-e37d-4ef6-8f72-c240f7f8affc][T:2023-08-12 17:34:04.226773][J:cc1f2d33-fb7b-4974-916c-6d912cbf080c][A:validate#6c7ee4de-acfa-4589-8a75-4b9bf8fb3649]invoked executor LearnerExecutor
[E:1a9d8dd2-2ec9-43db-8469-e509cc0f09d6][R:3b431009-fda4-44dc-a93c-7c19db1a4d26][T:2023-08-12 17:34:09.176832][J:cc1f2d33-fb7b-4974-916c-6d912cbf080c][A:validate#6c7ee4de-acfa-4589-8a75-4b9bf8fb3649]submit result OK
[E:86e770cb-4c0c-49f7-95ec-e3ec7549fcd8][R:242015b5-73a8-477a-b8f2-911dda36025c][T:2023-08-12 17:34:34.063982][U:admin@nvidia.com][A:train.check_status]
[E:5438251f-ef0b-491d-b698-b52464cdb3dc][R:db830752-495c-40f0-95cb-7a256179b093][T:2023-08-12 17:34:44.089422][U:admin@nvidia.com][A:train.check_status]
[E:0e359f10-9c64-4164-baa0-505528a9f533][T:2023-08-12 17:34:46.331011][U:admin@nvidia.com][A:train.deploy]
[E:555a11c0-4cd4-4582-9995-ca4e8d1cfe40][T:2023-08-12 17:34:46.367503][U:][A:train.start_job]
[E:8214c19d-6b9b-44a8-84ce-86469d19b594][R:dadb303e-b9d7-4ba6-ba02-e574fce8553c][T:2023-08-12 17:34:51.862783][J:97f11103-9613-406f-abde-22bd187825b3][A:train#6f601d81-f0fb-4c4c-9201-11c34bc0a093]received task from server
[E:65db473d-7610-48e8-83cd-86f8c772a34c][T:2023-08-12 17:34:51.863360][J:97f11103-9613-406f-abde-22bd187825b3][A:train#6f601d81-f0fb-4c4c-9201-11c34bc0a093]invoked executor LearnerExecutor
[E:be4667c6-97a7-45ef-abc7-5acf03c069f2][R:dadb303e-b9d7-4ba6-ba02-e574fce8553c][T:2023-08-12 17:34:57.888507][J:97f11103-9613-406f-abde-22bd187825b3][A:train#6f601d81-f0fb-4c4c-9201-11c34bc0a093]submit result: TASK_ABORTED
[E:31afc5ea-71ba-49cc-99c1-7d5424a70594][T:2023-08-12 17:35:01.119529][U:][A:train.abort]
[E:dcb4796e-1ccb-4aed-b371-bb883b0af79b][T:2023-08-12 17:35:58.718754][U:admin@nvidia.com][A:train.deploy]
[E:4f8440f3-5257-4021-8b9a-a52a6a023b89][T:2023-08-12 17:35:58.757737][U:][A:train.start_job]
[E:29cce49b-682c-4502-9118-7501f4942226][R:83f62eee-4ae4-481e-bb75-525c1ac3e11c][T:2023-08-12 17:36:04.098090][J:f5eba1bb-382e-4ce8-bf5f-9ec0b8a62224][A:train#a4870ee9-cfb2-401e-8e45-bf63064f5444]received task from server
[E:46da84ef-a0f1-409e-a868-ef23a4055cef][T:2023-08-12 17:36:04.098664][J:f5eba1bb-382e-4ce8-bf5f-9ec0b8a62224][A:train#a4870ee9-cfb2-401e-8e45-bf63064f5444]invoked executor LearnerExecutor
[E:eb1ebee3-4372-43f4-9f0f-0d1cbddfcd18][R:83f62eee-4ae4-481e-bb75-525c1ac3e11c][T:2023-08-12 17:36:09.778581][J:f5eba1bb-382e-4ce8-bf5f-9ec0b8a62224][A:train#a4870ee9-cfb2-401e-8e45-bf63064f5444]submit result: EXECUTION_RESULT_ERROR
[E:ff65dd96-2564-43f8-a659-a5b24450ef32][T:2023-08-12 17:36:13.915971][U:][A:train.abort]
[E:8a5bb32b-80da-4464-a73c-d879712d7915][T:2023-08-12 17:40:33.038123][U:admin@nvidia.com][A:train.deploy]
[E:0b9f2eae-fed5-4643-a577-d64bf8c179fc][T:2023-08-12 17:40:33.074758][U:][A:train.start_job]
[E:e7a5a7e5-dba0-4179-9b64-b4bc49ffd1f7][R:75b68b92-0205-44fe-b5bf-668ea418c9ef][T:2023-08-12 17:40:38.379077][J:f52a966f-1730-4b8e-b9f6-698a365bb8fa][A:train#59278a67-6a49-40f7-a684-9f2e27018d5e]received task from server
[E:7edab144-ec74-4467-acd9-99b23aaa1bc5][T:2023-08-12 17:40:38.379755][J:f52a966f-1730-4b8e-b9f6-698a365bb8fa][A:train#59278a67-6a49-40f7-a684-9f2e27018d5e]invoked executor LearnerExecutor
[E:e99c6241-50a5-4f54-b199-39966c51a558][R:75b68b92-0205-44fe-b5bf-668ea418c9ef][T:2023-08-12 17:40:42.323869][J:f52a966f-1730-4b8e-b9f6-698a365bb8fa][A:train#59278a67-6a49-40f7-a684-9f2e27018d5e]submit result: TASK_ABORTED
[E:0a62f428-2f61-4166-9f8e-184e47556c98][T:2023-08-12 17:40:47.460893][U:][A:train.abort]
[E:9f176ac0-54a6-4952-ba08-ccfee476d6a1][R:52783750-43f5-4308-adcc-980f6b2b185f][T:2023-08-12 17:42:53.421636][U:admin@nvidia.com][A:train.check_status]
[E:8869571c-effd-45cf-8a9b-c770f30cb68f][R:7ed66308-8f07-4650-a268-e5f37e352d92][T:2023-08-12 17:42:55.803123][U:admin@nvidia.com][A:train.check_status]
[E:3d82b5ce-1ccd-417b-8aff-6a5bb1893c39][R:25fe53d1-23c9-4d22-a372-872be5972799][T:2023-08-12 17:43:07.210375][U:admin@nvidia.com][A:train.check_status]
[E:8c71034f-f8e7-43fa-beee-cb3c50d28787][R:bbbc8e8c-53db-43bc-a64e-c8805461a6ee][T:2023-08-12 17:43:40.312864][U:admin@nvidia.com][A:train.check_status]
[E:c9831fc8-e3f7-4887-9a33-fce43aa88bfe][T:2023-08-12 17:44:10.342371][U:admin@nvidia.com][A:train.deploy]
[E:eb64d92c-301d-42fb-8e49-87f198bb33ab][T:2023-08-12 17:44:10.378363][U:][A:train.start_job]
[E:57dbc22e-90a5-4e41-8ba2-e3d19eb04f14][R:0720f4d7-b8ca-47f4-b358-2d4b99e85758][T:2023-08-12 17:44:15.618419][J:374af32d-c9ba-4460-837d-61af5c2831ef][A:train#302a37f9-0f58-4dce-9e4a-de3ab535c1b1]received task from server
[E:433d7e0a-d24f-4087-ae36-405952c04b56][T:2023-08-12 17:44:15.619031][J:374af32d-c9ba-4460-837d-61af5c2831ef][A:train#302a37f9-0f58-4dce-9e4a-de3ab535c1b1]invoked executor LearnerExecutor
[E:94c40b27-a6ba-4912-86b9-aab54016fc0b][T:2023-08-12 17:44:37.829902][J:374af32d-c9ba-4460-837d-61af5c2831ef][A:train#302a37f9-0f58-4dce-9e4a-de3ab535c1b1]applied filter: HEModelEncryptor@job on task_result
[E:ef9dd76b-43ed-4241-8d9a-0550fddd1990][R:0720f4d7-b8ca-47f4-b358-2d4b99e85758][T:2023-08-12 17:44:37.830122][J:374af32d-c9ba-4460-837d-61af5c2831ef][A:train#302a37f9-0f58-4dce-9e4a-de3ab535c1b1]submit result OK
[E:26ada3de-d992-4ee3-aaf9-f37835b1e9b7][R:483c556b-576e-4f7c-a8ae-4b134ded01cc][T:2023-08-12 17:44:47.796994][J:374af32d-c9ba-4460-837d-61af5c2831ef][A:train#145c3d89-0c65-4d85-aaff-c87bed9f258f]received task from server
[E:b4ed890e-e504-4a90-88bf-5a270fa2a5bb][T:2023-08-12 17:44:48.299457][J:374af32d-c9ba-4460-837d-61af5c2831ef][A:train#145c3d89-0c65-4d85-aaff-c87bed9f258f]applied filter: HEModelDecryptor@job on task_data
[E:97d8ddc3-0716-40f8-a824-d836a2302bfc][T:2023-08-12 17:44:48.299703][J:374af32d-c9ba-4460-837d-61af5c2831ef][A:train#145c3d89-0c65-4d85-aaff-c87bed9f258f]invoked executor LearnerExecutor
[E:0cfb6fc7-9b10-44d9-9b83-167709d32754][T:2023-08-12 17:45:07.320853][J:374af32d-c9ba-4460-837d-61af5c2831ef][A:train#145c3d89-0c65-4d85-aaff-c87bed9f258f]applied filter: HEModelEncryptor@job on task_result
[E:05459592-248c-4a95-b445-6a7e74f1f889][R:483c556b-576e-4f7c-a8ae-4b134ded01cc][T:2023-08-12 17:45:07.321056][J:374af32d-c9ba-4460-837d-61af5c2831ef][A:train#145c3d89-0c65-4d85-aaff-c87bed9f258f]submit result OK
[E:ba33dc84-5c8b-493d-bc8c-00eccab4ff3e][R:5c396bf4-d639-449e-ab40-b1d7d3ef47d0][T:2023-08-12 17:45:19.009467][J:374af32d-c9ba-4460-837d-61af5c2831ef][A:train#21ebc4cf-723b-4b7e-9588-4161d5ff8213]received task from server
[E:758a8bf1-2f8e-4c01-b088-ce41948e168b][T:2023-08-12 17:45:19.446671][J:374af32d-c9ba-4460-837d-61af5c2831ef][A:train#21ebc4cf-723b-4b7e-9588-4161d5ff8213]applied filter: HEModelDecryptor@job on task_data
[E:9f72262a-a2af-457f-aa2d-ddf178e682da][T:2023-08-12 17:45:19.446933][J:374af32d-c9ba-4460-837d-61af5c2831ef][A:train#21ebc4cf-723b-4b7e-9588-4161d5ff8213]invoked executor LearnerExecutor
[E:b34d17f4-98c1-4cc4-ab38-faa09848b9b2][T:2023-08-12 17:45:38.658270][J:374af32d-c9ba-4460-837d-61af5c2831ef][A:train#21ebc4cf-723b-4b7e-9588-4161d5ff8213]applied filter: HEModelEncryptor@job on task_result
[E:df5fb840-af77-4a5c-b466-d9f513c44948][R:5c396bf4-d639-449e-ab40-b1d7d3ef47d0][T:2023-08-12 17:45:38.658451][J:374af32d-c9ba-4460-837d-61af5c2831ef][A:train#21ebc4cf-723b-4b7e-9588-4161d5ff8213]submit result OK
[E:ce9c1021-bb21-4d99-9a4e-0ef3ad92d34d][R:62d49d92-6a61-42c4-a1fb-386696fdd279][T:2023-08-12 17:45:50.467856][J:374af32d-c9ba-4460-837d-61af5c2831ef][A:train#959aede6-eb99-45a3-93e1-47560b1d60df]received task from server
[E:de70da88-e258-4455-bba8-b9700e6471c2][T:2023-08-12 17:45:50.915932][J:374af32d-c9ba-4460-837d-61af5c2831ef][A:train#959aede6-eb99-45a3-93e1-47560b1d60df]applied filter: HEModelDecryptor@job on task_data
[E:84a64b4b-4c6f-4baa-8786-83f5edc044fe][T:2023-08-12 17:45:50.916202][J:374af32d-c9ba-4460-837d-61af5c2831ef][A:train#959aede6-eb99-45a3-93e1-47560b1d60df]invoked executor LearnerExecutor
[E:3c7dd110-9e98-4e7c-a646-e31bce6a8e10][T:2023-08-12 17:46:10.238629][J:374af32d-c9ba-4460-837d-61af5c2831ef][A:train#959aede6-eb99-45a3-93e1-47560b1d60df]applied filter: HEModelEncryptor@job on task_result
[E:79ecb53d-ff7a-41de-8855-b543e61ecd81][R:62d49d92-6a61-42c4-a1fb-386696fdd279][T:2023-08-12 17:46:10.238814][J:374af32d-c9ba-4460-837d-61af5c2831ef][A:train#959aede6-eb99-45a3-93e1-47560b1d60df]submit result OK
[E:b1923bc7-72da-41b9-90a2-313b13b11e50][R:637948e3-b11b-4284-bf3d-2d716ae18086][T:2023-08-12 17:46:21.130486][J:374af32d-c9ba-4460-837d-61af5c2831ef][A:train#e4334be7-453d-4207-a8ae-03b90ad43307]received task from server
[E:35c2cae5-0364-4652-a7a6-c6c96cf7da6f][T:2023-08-12 17:46:21.559435][J:374af32d-c9ba-4460-837d-61af5c2831ef][A:train#e4334be7-453d-4207-a8ae-03b90ad43307]applied filter: HEModelDecryptor@job on task_data
[E:813c292f-1a0f-47af-a02b-01c8ddf89edf][T:2023-08-12 17:46:21.559672][J:374af32d-c9ba-4460-837d-61af5c2831ef][A:train#e4334be7-453d-4207-a8ae-03b90ad43307]invoked executor LearnerExecutor
[E:bd5ad21d-2f64-45e2-a087-18eae3fd636b][T:2023-08-12 17:46:40.898510][J:374af32d-c9ba-4460-837d-61af5c2831ef][A:train#e4334be7-453d-4207-a8ae-03b90ad43307]applied filter: HEModelEncryptor@job on task_result
[E:92bccd7c-06fa-4c1a-8c8c-3917b2c1d934][R:637948e3-b11b-4284-bf3d-2d716ae18086][T:2023-08-12 17:46:40.898707][J:374af32d-c9ba-4460-837d-61af5c2831ef][A:train#e4334be7-453d-4207-a8ae-03b90ad43307]submit result OK
[E:ae9c1370-82e1-4e26-b4fe-cc1003f1a667][R:fd234afc-f12d-4af8-880f-5219def8b318][T:2023-08-12 17:46:52.246977][J:374af32d-c9ba-4460-837d-61af5c2831ef][A:train#b3ce082b-0548-4311-9098-06ab1eb5d872]received task from server
[E:7289f35d-1008-454a-b8dd-43ec6e4ac825][T:2023-08-12 17:46:52.681099][J:374af32d-c9ba-4460-837d-61af5c2831ef][A:train#b3ce082b-0548-4311-9098-06ab1eb5d872]applied filter: HEModelDecryptor@job on task_data
[E:62aeef34-e854-43d0-837f-b65f553d8dd3][T:2023-08-12 17:46:52.681354][J:374af32d-c9ba-4460-837d-61af5c2831ef][A:train#b3ce082b-0548-4311-9098-06ab1eb5d872]invoked executor LearnerExecutor
[E:49c08818-4b09-4432-99ee-01e72d80ce4a][T:2023-08-12 17:47:12.222206][J:374af32d-c9ba-4460-837d-61af5c2831ef][A:train#b3ce082b-0548-4311-9098-06ab1eb5d872]applied filter: HEModelEncryptor@job on task_result
[E:ac450474-69ef-4966-b17c-c070f2c2ab65][R:fd234afc-f12d-4af8-880f-5219def8b318][T:2023-08-12 17:47:12.222393][J:374af32d-c9ba-4460-837d-61af5c2831ef][A:train#b3ce082b-0548-4311-9098-06ab1eb5d872]submit result OK
[E:d78d629b-a731-47a0-860a-97b27382862e][R:b66eb349-99b4-41fe-8188-3bbc0fb856fb][T:2023-08-12 17:47:24.160442][J:374af32d-c9ba-4460-837d-61af5c2831ef][A:train#6686e1b1-4da9-4434-8dc6-270d1bdaa1b9]received task from server
[E:a14f6b9c-f4f2-4611-864b-e9f109889d93][T:2023-08-12 17:47:24.585161][J:374af32d-c9ba-4460-837d-61af5c2831ef][A:train#6686e1b1-4da9-4434-8dc6-270d1bdaa1b9]applied filter: HEModelDecryptor@job on task_data
[E:02b65e47-a308-4214-9f03-9d966bd56933][T:2023-08-12 17:47:24.585438][J:374af32d-c9ba-4460-837d-61af5c2831ef][A:train#6686e1b1-4da9-4434-8dc6-270d1bdaa1b9]invoked executor LearnerExecutor
[E:e4c2a1fd-126e-4bf6-85e5-163db027e2b4][T:2023-08-12 17:47:43.936601][J:374af32d-c9ba-4460-837d-61af5c2831ef][A:train#6686e1b1-4da9-4434-8dc6-270d1bdaa1b9]applied filter: HEModelEncryptor@job on task_result
[E:092f04fb-56ae-4b61-99be-8333205e40ee][R:b66eb349-99b4-41fe-8188-3bbc0fb856fb][T:2023-08-12 17:47:43.936820][J:374af32d-c9ba-4460-837d-61af5c2831ef][A:train#6686e1b1-4da9-4434-8dc6-270d1bdaa1b9]submit result OK
[E:f298be7e-bf8e-42eb-8dcd-28187e4565f7][R:628a9163-45e6-4d5b-a760-545f15c7afe9][T:2023-08-12 17:47:55.726534][J:374af32d-c9ba-4460-837d-61af5c2831ef][A:train#bf659899-6a30-4643-9727-856a472e831b]received task from server
[E:85e7a9b1-5484-442b-a642-e08f7bc144d4][T:2023-08-12 17:47:56.141277][J:374af32d-c9ba-4460-837d-61af5c2831ef][A:train#bf659899-6a30-4643-9727-856a472e831b]applied filter: HEModelDecryptor@job on task_data
[E:8e417a0e-433d-44cc-b5c5-4d0860fa01b8][T:2023-08-12 17:47:56.141531][J:374af32d-c9ba-4460-837d-61af5c2831ef][A:train#bf659899-6a30-4643-9727-856a472e831b]invoked executor LearnerExecutor
[E:a5821287-f431-4d48-98b3-aa3e2ecf3deb][T:2023-08-12 17:48:15.603734][J:374af32d-c9ba-4460-837d-61af5c2831ef][A:train#bf659899-6a30-4643-9727-856a472e831b]applied filter: HEModelEncryptor@job on task_result
[E:8fc82a03-b210-4f0b-b562-96bebf27383c][R:628a9163-45e6-4d5b-a760-545f15c7afe9][T:2023-08-12 17:48:15.603927][J:374af32d-c9ba-4460-837d-61af5c2831ef][A:train#bf659899-6a30-4643-9727-856a472e831b]submit result OK
[E:22bc1e7f-ea75-4f9a-82c1-b9db43c93306][R:46842940-ac17-4ab2-8f35-0fc2c8a0a82b][T:2023-08-12 17:48:29.548280][J:374af32d-c9ba-4460-837d-61af5c2831ef][A:train#55c9395d-7914-401a-b3c4-19ee08f9d62d]received task from server
[E:9afc85a2-594f-46e0-a59e-a331baa81bca][T:2023-08-12 17:48:29.951374][J:374af32d-c9ba-4460-837d-61af5c2831ef][A:train#55c9395d-7914-401a-b3c4-19ee08f9d62d]applied filter: HEModelDecryptor@job on task_data
[E:123652bc-b9fa-43f2-9677-4ef4e8d4cf5b][T:2023-08-12 17:48:29.951603][J:374af32d-c9ba-4460-837d-61af5c2831ef][A:train#55c9395d-7914-401a-b3c4-19ee08f9d62d]invoked executor LearnerExecutor
[E:c2f15151-2449-44fc-922e-45eaa3cb2a6f][T:2023-08-12 17:48:49.327982][J:374af32d-c9ba-4460-837d-61af5c2831ef][A:train#55c9395d-7914-401a-b3c4-19ee08f9d62d]applied filter: HEModelEncryptor@job on task_result
[E:5fefcfab-0997-442a-8f82-56cbc879539b][R:46842940-ac17-4ab2-8f35-0fc2c8a0a82b][T:2023-08-12 17:48:49.328190][J:374af32d-c9ba-4460-837d-61af5c2831ef][A:train#55c9395d-7914-401a-b3c4-19ee08f9d62d]submit result OK
[E:36394bcb-a6e3-40e2-a5c9-7187be8cd2e5][R:714c4b4c-deb3-4d46-9c8e-262882815e77][T:2023-08-12 17:49:02.126713][J:374af32d-c9ba-4460-837d-61af5c2831ef][A:train#a7367c4b-29b8-4fc1-bc58-be2018a87155]received task from server
[E:3a6c5e58-9b66-452c-b16b-21932e459648][T:2023-08-12 17:49:02.554523][J:374af32d-c9ba-4460-837d-61af5c2831ef][A:train#a7367c4b-29b8-4fc1-bc58-be2018a87155]applied filter: HEModelDecryptor@job on task_data
[E:4b172ea2-ca7f-4610-af38-aa97af647f04][T:2023-08-12 17:49:02.554758][J:374af32d-c9ba-4460-837d-61af5c2831ef][A:train#a7367c4b-29b8-4fc1-bc58-be2018a87155]invoked executor LearnerExecutor
[E:1f60063e-6cc1-45ab-8ec3-7869b3530c54][T:2023-08-12 17:49:22.075459][J:374af32d-c9ba-4460-837d-61af5c2831ef][A:train#a7367c4b-29b8-4fc1-bc58-be2018a87155]applied filter: HEModelEncryptor@job on task_result
[E:b7c22ad4-c96c-45cc-b5de-c760e0bed45a][R:714c4b4c-deb3-4d46-9c8e-262882815e77][T:2023-08-12 17:49:22.075692][J:374af32d-c9ba-4460-837d-61af5c2831ef][A:train#a7367c4b-29b8-4fc1-bc58-be2018a87155]submit result OK
[E:0e63a4ca-6e9d-47eb-a28e-8c11cec03f25][R:6a378030-f970-41be-b3f9-4b9d97626769][T:2023-08-12 17:49:34.480646][J:374af32d-c9ba-4460-837d-61af5c2831ef][A:submit_model#f7bb937e-76d7-4804-b6f8-924a278234aa]received task from server
[E:fa8c014a-2794-4cd3-8afb-2b7bb83f157c][T:2023-08-12 17:49:34.480937][J:374af32d-c9ba-4460-837d-61af5c2831ef][A:submit_model#f7bb937e-76d7-4804-b6f8-924a278234aa]invoked executor LearnerExecutor
[E:9d668e7d-db4a-476b-ad97-e744f6d08f58][T:2023-08-12 17:49:35.917621][J:374af32d-c9ba-4460-837d-61af5c2831ef][A:submit_model#f7bb937e-76d7-4804-b6f8-924a278234aa]applied filter: HEModelEncryptor@job on task_result
[E:327f3322-1896-4806-bf9b-4939a8f3b889][R:6a378030-f970-41be-b3f9-4b9d97626769][T:2023-08-12 17:49:35.917819][J:374af32d-c9ba-4460-837d-61af5c2831ef][A:submit_model#f7bb937e-76d7-4804-b6f8-924a278234aa]submit result OK
[E:129ed793-f2f5-495b-9327-b9893be2f200][R:0a690e71-d011-44ca-9e3c-c16779f8b778][T:2023-08-12 17:49:46.041570][J:374af32d-c9ba-4460-837d-61af5c2831ef][A:validate#a0b8f450-456b-4f09-9714-eefe153e2062]received task from server
[E:a5d1465a-c2b2-4be0-a843-07b132743fda][T:2023-08-12 17:49:46.447935][J:374af32d-c9ba-4460-837d-61af5c2831ef][A:validate#a0b8f450-456b-4f09-9714-eefe153e2062]applied filter: HEModelDecryptor@job on task_data
[E:e32a6d1a-bc23-48c4-aaa4-d79147095dc4][T:2023-08-12 17:49:46.448164][J:374af32d-c9ba-4460-837d-61af5c2831ef][A:validate#a0b8f450-456b-4f09-9714-eefe153e2062]invoked executor LearnerExecutor
[E:e448cd5b-bad1-4b51-ab6d-82d6a9e07fc6][R:0a690e71-d011-44ca-9e3c-c16779f8b778][T:2023-08-12 17:49:51.473388][J:374af32d-c9ba-4460-837d-61af5c2831ef][A:validate#a0b8f450-456b-4f09-9714-eefe153e2062]submit result OK
[E:2e9ebfd7-d09a-458b-9930-f175c0f24ce4][R:7a4208ac-453c-4cdb-823e-51082a4fb056][T:2023-08-12 17:49:54.954365][J:374af32d-c9ba-4460-837d-61af5c2831ef][A:validate#ae806e60-d17d-4e63-adc2-ec032d5b758a]received task from server
[E:3b5e56b1-3042-424d-b1e4-e1bd49a0de27][T:2023-08-12 17:49:55.360933][J:374af32d-c9ba-4460-837d-61af5c2831ef][A:validate#ae806e60-d17d-4e63-adc2-ec032d5b758a]applied filter: HEModelDecryptor@job on task_data
[E:5f2ad042-482f-48e6-96b2-82fcb9c2f229][T:2023-08-12 17:49:55.361186][J:374af32d-c9ba-4460-837d-61af5c2831ef][A:validate#ae806e60-d17d-4e63-adc2-ec032d5b758a]invoked executor LearnerExecutor
[E:442c1f01-bc01-4a3b-93d2-833693450cdc][R:7a4208ac-453c-4cdb-823e-51082a4fb056][T:2023-08-12 17:50:00.525877][J:374af32d-c9ba-4460-837d-61af5c2831ef][A:validate#ae806e60-d17d-4e63-adc2-ec032d5b758a]submit result OK
[E:3370cb43-fd9b-4c06-b573-58bcb175bb91][R:9b233c4a-15bd-4015-af03-9b600affe05c][T:2023-08-12 17:50:05.486209][J:374af32d-c9ba-4460-837d-61af5c2831ef][A:validate#4b644769-42f2-4dbc-854a-8a47dbcfeca9]received task from server
[E:c12429ba-2ca9-491e-b78d-e747b7b5571e][T:2023-08-12 17:50:06.497925][J:374af32d-c9ba-4460-837d-61af5c2831ef][A:validate#4b644769-42f2-4dbc-854a-8a47dbcfeca9]applied filter: HEModelDecryptor@job on task_data
[E:be1175a1-9a19-49f1-b807-912942ee05e1][T:2023-08-12 17:50:06.498211][J:374af32d-c9ba-4460-837d-61af5c2831ef][A:validate#4b644769-42f2-4dbc-854a-8a47dbcfeca9]invoked executor LearnerExecutor
[E:2951719a-49cc-4fb1-9f9c-1724f3a5d09f][R:9b233c4a-15bd-4015-af03-9b600affe05c][T:2023-08-12 17:50:11.501855][J:374af32d-c9ba-4460-837d-61af5c2831ef][A:validate#4b644769-42f2-4dbc-854a-8a47dbcfeca9]submit result OK
[E:45c42667-6b4d-4cde-94d9-e7f19c6f0ff9][R:b03b92dd-c6ad-4335-831c-6e11d48975ef][T:2023-08-12 17:50:16.107629][J:374af32d-c9ba-4460-837d-61af5c2831ef][A:validate#49a54230-27c6-40f3-b91b-a6fedc1600b1]received task from server
[E:9418e777-d39f-4737-8a19-b4e3473475d4][T:2023-08-12 17:50:17.107997][J:374af32d-c9ba-4460-837d-61af5c2831ef][A:validate#49a54230-27c6-40f3-b91b-a6fedc1600b1]applied filter: HEModelDecryptor@job on task_data
[E:2cdff797-2fc8-4a4a-8dc6-43cb1a22117f][T:2023-08-12 17:50:17.108314][J:374af32d-c9ba-4460-837d-61af5c2831ef][A:validate#49a54230-27c6-40f3-b91b-a6fedc1600b1]invoked executor LearnerExecutor
[E:4edca614-f621-43ab-949a-0895dd18954a][R:b03b92dd-c6ad-4335-831c-6e11d48975ef][T:2023-08-12 17:50:22.087469][J:374af32d-c9ba-4460-837d-61af5c2831ef][A:validate#49a54230-27c6-40f3-b91b-a6fedc1600b1]submit result OK
[E:1949d3f4-41b8-4c8f-84d8-b16573bc19a0][R:8453fd9a-5ecb-49ed-8ef6-8a55530f7bce][T:2023-08-12 17:50:26.729586][J:374af32d-c9ba-4460-837d-61af5c2831ef][A:validate#1c351dd5-ec6f-4ea4-8b3b-24457ed13f2f]received task from server
[E:21847f62-c1ea-4c3e-a859-0e18e96a4daf][T:2023-08-12 17:50:27.708585][J:374af32d-c9ba-4460-837d-61af5c2831ef][A:validate#1c351dd5-ec6f-4ea4-8b3b-24457ed13f2f]applied filter: HEModelDecryptor@job on task_data
[E:a24a835b-a668-4c30-ac0b-fba47a421c14][T:2023-08-12 17:50:27.708841][J:374af32d-c9ba-4460-837d-61af5c2831ef][A:validate#1c351dd5-ec6f-4ea4-8b3b-24457ed13f2f]invoked executor LearnerExecutor
[E:9c879af8-144d-4aee-865b-7019b52b94fc][R:8453fd9a-5ecb-49ed-8ef6-8a55530f7bce][T:2023-08-12 17:50:32.868289][J:374af32d-c9ba-4460-837d-61af5c2831ef][A:validate#1c351dd5-ec6f-4ea4-8b3b-24457ed13f2f]submit result OK
[E:cb1d3967-d0fa-41fb-b904-211899681792][R:ede637db-cbfc-4412-8da2-0a761f931b19][T:2023-08-12 17:50:37.544785][J:374af32d-c9ba-4460-837d-61af5c2831ef][A:validate#b9ffbf9b-78c0-4c65-b20d-0ed0d4b84579]received task from server
[E:f5b7a7d0-24f7-4338-a474-912b63d5dc92][T:2023-08-12 17:50:38.524855][J:374af32d-c9ba-4460-837d-61af5c2831ef][A:validate#b9ffbf9b-78c0-4c65-b20d-0ed0d4b84579]applied filter: HEModelDecryptor@job on task_data
[E:2bb4c7bf-4728-4fc7-a4f2-125b9406cff5][T:2023-08-12 17:50:38.525176][J:374af32d-c9ba-4460-837d-61af5c2831ef][A:validate#b9ffbf9b-78c0-4c65-b20d-0ed0d4b84579]invoked executor LearnerExecutor
[E:f6cb2266-c244-483a-a120-91f638e8c1bf][R:ede637db-cbfc-4412-8da2-0a761f931b19][T:2023-08-12 17:50:43.449371][J:374af32d-c9ba-4460-837d-61af5c2831ef][A:validate#b9ffbf9b-78c0-4c65-b20d-0ed0d4b84579]submit result OK
